{"D:\\workspaces\\@es6\\html-specialchars\\index.js":{"path":"D:\\workspaces\\@es6\\html-specialchars\\index.js","s":{"1":1,"2":1,"3":1,"4":1,"5":7,"6":7,"7":7,"8":7,"9":7,"10":7,"11":1,"12":1,"13":0,"14":1,"15":1,"16":1,"17":1,"18":0,"19":0,"20":1,"21":1,"22":1,"23":7,"24":7,"25":7,"26":7,"27":7,"28":14,"29":14,"30":0,"31":0,"32":7,"33":7,"34":0,"35":7,"36":0,"37":1,"38":1,"39":1,"40":0,"41":1,"42":7,"43":7,"44":14,"45":14,"46":196,"47":7,"48":14,"49":7,"50":14,"51":1,"52":1,"53":1},"b":{"1":[7,7],"2":[7,0],"3":[0,1],"4":[1,0],"5":[0,0],"6":[0,7],"7":[7,0],"8":[0,7],"9":[7,0],"10":[14,0]},"f":{"1":1,"2":1,"3":1,"4":0,"5":1,"6":0,"7":7,"8":14,"9":196,"10":7,"11":14,"12":7,"13":14},"fnMap":{"1":{"name":"(anonymous_1)","line":19,"loc":{"start":{"line":19,"column":20},"end":{"line":19,"column":32}}},"2":{"name":"defineProperties","line":19,"loc":{"start":{"line":19,"column":34},"end":{"line":19,"column":75}}},"3":{"name":"(anonymous_3)","line":19,"loc":{"start":{"line":19,"column":358},"end":{"line":19,"column":406}}},"4":{"name":"_classCallCheck","line":21,"loc":{"start":{"line":21,"column":0},"end":{"line":21,"column":48}}},"5":{"name":"(anonymous_5)","line":78,"loc":{"start":{"line":78,"column":24},"end":{"line":78,"column":36}}},"6":{"name":"HtmlSpecialchars","line":79,"loc":{"start":{"line":79,"column":2},"end":{"line":79,"column":30}}},"7":{"name":"getRegexEscape","line":91,"loc":{"start":{"line":91,"column":11},"end":{"line":91,"column":37}}},"8":{"name":"getRegexUnescape","line":103,"loc":{"start":{"line":103,"column":11},"end":{"line":103,"column":39}}},"9":{"name":"stripFirstLast","line":116,"loc":{"start":{"line":116,"column":11},"end":{"line":116,"column":38}}},"10":{"name":"lookupEscape","line":129,"loc":{"start":{"line":129,"column":11},"end":{"line":129,"column":40}}},"11":{"name":"lookupUnescape","line":143,"loc":{"start":{"line":143,"column":11},"end":{"line":143,"column":42}}},"12":{"name":"escape","line":154,"loc":{"start":{"line":154,"column":11},"end":{"line":154,"column":30}}},"13":{"name":"unescape","line":166,"loc":{"start":{"line":166,"column":11},"end":{"line":166,"column":32}}}},"statementMap":{"1":{"start":{"line":15,"column":0},"end":{"line":17,"column":3}},"2":{"start":{"line":19,"column":0},"end":{"line":19,"column":566}},"3":{"start":{"line":19,"column":34},"end":{"line":19,"column":350}},"4":{"start":{"line":19,"column":77},"end":{"line":19,"column":348}},"5":{"start":{"line":19,"column":118},"end":{"line":19,"column":144}},"6":{"start":{"line":19,"column":145},"end":{"line":19,"column":200}},"7":{"start":{"line":19,"column":201},"end":{"line":19,"column":232}},"8":{"start":{"line":19,"column":233},"end":{"line":19,"column":287}},"9":{"start":{"line":19,"column":260},"end":{"line":19,"column":287}},"10":{"start":{"line":19,"column":288},"end":{"line":19,"column":346}},"11":{"start":{"line":19,"column":351},"end":{"line":19,"column":560}},"12":{"start":{"line":19,"column":408},"end":{"line":19,"column":476}},"13":{"start":{"line":19,"column":424},"end":{"line":19,"column":476}},"14":{"start":{"line":19,"column":477},"end":{"line":19,"column":537}},"15":{"start":{"line":19,"column":494},"end":{"line":19,"column":537}},"16":{"start":{"line":19,"column":538},"end":{"line":19,"column":557}},"17":{"start":{"line":21,"column":0},"end":{"line":21,"column":153}},"18":{"start":{"line":21,"column":50},"end":{"line":21,"column":151}},"19":{"start":{"line":21,"column":92},"end":{"line":21,"column":149}},"20":{"start":{"line":23,"column":0},"end":{"line":31,"column":2}},"21":{"start":{"line":38,"column":0},"end":{"line":38,"column":13}},"22":{"start":{"line":39,"column":0},"end":{"line":64,"column":1}},"23":{"start":{"line":40,"column":2},"end":{"line":40,"column":39}},"24":{"start":{"line":41,"column":2},"end":{"line":41,"column":32}},"25":{"start":{"line":42,"column":2},"end":{"line":42,"column":33}},"26":{"start":{"line":44,"column":2},"end":{"line":63,"column":3}},"27":{"start":{"line":45,"column":4},"end":{"line":49,"column":5}},"28":{"start":{"line":46,"column":6},"end":{"line":46,"column":26}},"29":{"start":{"line":48,"column":6},"end":{"line":48,"column":17}},"30":{"start":{"line":51,"column":4},"end":{"line":51,"column":29}},"31":{"start":{"line":52,"column":4},"end":{"line":52,"column":25}},"32":{"start":{"line":54,"column":4},"end":{"line":62,"column":5}},"33":{"start":{"line":55,"column":6},"end":{"line":57,"column":7}},"34":{"start":{"line":56,"column":8},"end":{"line":56,"column":30}},"35":{"start":{"line":59,"column":6},"end":{"line":61,"column":7}},"36":{"start":{"line":60,"column":8},"end":{"line":60,"column":29}},"37":{"start":{"line":69,"column":0},"end":{"line":69,"column":21}},"38":{"start":{"line":78,"column":0},"end":{"line":172,"column":5}},"39":{"start":{"line":79,"column":2},"end":{"line":81,"column":3}},"40":{"start":{"line":80,"column":4},"end":{"line":80,"column":44}},"41":{"start":{"line":83,"column":2},"end":{"line":169,"column":6}},"42":{"start":{"line":92,"column":6},"end":{"line":92,"column":33}},"43":{"start":{"line":93,"column":6},"end":{"line":93,"column":53}},"44":{"start":{"line":104,"column":6},"end":{"line":104,"column":38}},"45":{"start":{"line":105,"column":6},"end":{"line":105,"column":81}},"46":{"start":{"line":117,"column":6},"end":{"line":117,"column":42}},"47":{"start":{"line":130,"column":6},"end":{"line":130,"column":38}},"48":{"start":{"line":144,"column":6},"end":{"line":144,"column":40}},"49":{"start":{"line":155,"column":6},"end":{"line":155,"column":65}},"50":{"start":{"line":167,"column":6},"end":{"line":167,"column":69}},"51":{"start":{"line":171,"column":2},"end":{"line":171,"column":26}},"52":{"start":{"line":174,"column":0},"end":{"line":174,"column":38}},"53":{"start":{"line":175,"column":0},"end":{"line":175,"column":36}}},"branchMap":{"1":{"line":19,"type":"binary-expr","locations":[{"start":{"line":19,"column":169},"end":{"line":19,"column":190}},{"start":{"line":19,"column":194},"end":{"line":19,"column":199}}]},"2":{"line":19,"type":"if","locations":[{"start":{"line":19,"column":233},"end":{"line":19,"column":233}},{"start":{"line":19,"column":233},"end":{"line":19,"column":233}}]},"3":{"line":19,"type":"if","locations":[{"start":{"line":19,"column":408},"end":{"line":19,"column":408}},{"start":{"line":19,"column":408},"end":{"line":19,"column":408}}]},"4":{"line":19,"type":"if","locations":[{"start":{"line":19,"column":477},"end":{"line":19,"column":477}},{"start":{"line":19,"column":477},"end":{"line":19,"column":477}}]},"5":{"line":21,"type":"if","locations":[{"start":{"line":21,"column":50},"end":{"line":21,"column":50}},{"start":{"line":21,"column":50},"end":{"line":21,"column":50}}]},"6":{"line":55,"type":"if","locations":[{"start":{"line":55,"column":6},"end":{"line":55,"column":6}},{"start":{"line":55,"column":6},"end":{"line":55,"column":6}}]},"7":{"line":55,"type":"binary-expr","locations":[{"start":{"line":55,"column":10},"end":{"line":55,"column":36}},{"start":{"line":55,"column":40},"end":{"line":55,"column":59}}]},"8":{"line":59,"type":"if","locations":[{"start":{"line":59,"column":6},"end":{"line":59,"column":6}},{"start":{"line":59,"column":6},"end":{"line":59,"column":6}}]},"9":{"line":130,"type":"binary-expr","locations":[{"start":{"line":130,"column":13},"end":{"line":130,"column":28}},{"start":{"line":130,"column":32},"end":{"line":130,"column":37}}]},"10":{"line":144,"type":"binary-expr","locations":[{"start":{"line":144,"column":13},"end":{"line":144,"column":30}},{"start":{"line":144,"column":34},"end":{"line":144,"column":39}}]}}}}