TN:
SF:D:\workspaces\@es6\html-specialchars\index.js
FN:19,(anonymous_1)
FN:19,defineProperties
FN:19,(anonymous_3)
FN:21,_classCallCheck
FN:78,(anonymous_5)
FN:79,HtmlSpecialchars
FN:91,getRegexEscape
FN:103,getRegexUnescape
FN:116,stripFirstLast
FN:129,lookupEscape
FN:143,lookupUnescape
FN:154,escape
FN:166,unescape
FNF:13
FNH:11
FNDA:1,(anonymous_1)
FNDA:1,defineProperties
FNDA:1,(anonymous_3)
FNDA:0,_classCallCheck
FNDA:1,(anonymous_5)
FNDA:0,HtmlSpecialchars
FNDA:7,getRegexEscape
FNDA:14,getRegexUnescape
FNDA:196,stripFirstLast
FNDA:7,lookupEscape
FNDA:14,lookupUnescape
FNDA:7,escape
FNDA:14,unescape
DA:15,1
DA:19,7
DA:21,1
DA:23,1
DA:38,1
DA:39,1
DA:40,7
DA:41,7
DA:42,7
DA:44,7
DA:45,7
DA:46,14
DA:48,14
DA:51,0
DA:52,0
DA:54,7
DA:55,7
DA:56,0
DA:59,7
DA:60,0
DA:69,1
DA:78,1
DA:79,1
DA:80,0
DA:83,1
DA:92,7
DA:93,7
DA:104,14
DA:105,14
DA:117,196
DA:130,7
DA:144,14
DA:155,7
DA:167,14
DA:171,1
DA:174,1
DA:175,1
LF:37
LH:32
BRDA:19,1,0,7
BRDA:19,1,1,7
BRDA:19,2,0,7
BRDA:19,2,1,0
BRDA:19,3,0,0
BRDA:19,3,1,1
BRDA:19,4,0,1
BRDA:19,4,1,0
BRDA:21,5,0,0
BRDA:21,5,1,0
BRDA:55,6,0,0
BRDA:55,6,1,7
BRDA:55,7,0,7
BRDA:55,7,1,0
BRDA:59,8,0,0
BRDA:59,8,1,7
BRDA:130,9,0,7
BRDA:130,9,1,0
BRDA:144,10,0,14
BRDA:144,10,1,0
BRF:20
BRH:10
end_of_record
